<?xml version="1.0" encoding="UTF-8"?>
<testng-results ignored="0" total="1" passed="1" failed="0" skipped="0">
  <reporter-output>
  </reporter-output>
  <suite started-at="2023-12-22T11:59:55 IST" name="opencartSuite" finished-at="2023-12-22T12:00:27 IST" duration-ms="31837">
    <groups>
    </groups>
    <test started-at="2023-12-22T11:59:55 IST" name="opencartTest" finished-at="2023-12-22T12:00:27 IST" duration-ms="31837">
      <class name="testCases.TC01_LoginOrangeHRM">
        <test-method is-config="true" signature="setup(java.lang.String)[pri:0, instance:testCases.TC01_LoginOrangeHRM@6c1a5b54]" started-at="2023-12-22T11:59:56 IST" name="setup" finished-at="2023-12-22T12:00:17 IST" duration-ms="21043" status="PASS">
          <params>
            <param index="0">
              <value>
                <![CDATA[edge]]>
              </value>
            </param>
          </params>
          <reporter-output>
          </reporter-output>
        </test-method> <!-- setup -->
        <test-method signature="logintest()[pri:0, instance:testCases.TC01_LoginOrangeHRM@6c1a5b54]" started-at="2023-12-22T12:00:17 IST" name="logintest" finished-at="2023-12-22T12:00:26 IST" duration-ms="8312" status="PASS">
          <reporter-output>
          </reporter-output>
        </test-method> <!-- logintest -->
        <test-method is-config="true" signature="tearDown()[pri:0, instance:testCases.TC01_LoginOrangeHRM@6c1a5b54]" started-at="2023-12-22T12:00:26 IST" name="tearDown" finished-at="2023-12-22T12:00:27 IST" duration-ms="1278" status="PASS">
          <reporter-output>
          </reporter-output>
        </test-method> <!-- tearDown -->
      </class> <!-- testCases.TC01_LoginOrangeHRM -->
    </test> <!-- opencartTest -->
  </suite> <!-- opencartSuite -->
</testng-results>
